This is pdfTeX, Version 3.1415926-2.3-1.40.12 (MiKTeX 2.9) (preloaded format=pdflatex 2016.3.5)  5 MAR 2016 14:22
entering extended mode
**E:/IEEEtran/_temp.tex
(E:/IEEEtran/_temp.tex
LaTeX2e <2011/06/27>
Babel <v3.8m> and hyphenation patterns for english, afrikaans, ancientgreek, ar
abic, armenian, assamese, basque, bengali, bokmal, bulgarian, catalan, coptic, 
croatian, czech, danish, dutch, esperanto, estonian, farsi, finnish, french, ga
lician, german, german-x-2009-06-19, greek, gujarati, hindi, hungarian, iceland
ic, indonesian, interlingua, irish, italian, kannada, kurmanji, lao, latin, lat
vian, lithuanian, malayalam, marathi, mongolian, mongolianlmc, monogreek, ngerm
an, ngerman-x-2009-06-19, nynorsk, oriya, panjabi, pinyin, polish, portuguese, 
romanian, russian, sanskrit, serbian, slovak, slovenian, spanish, swedish, swis
sgerman, tamil, telugu, turkish, turkmen, ukenglish, ukrainian, uppersorbian, u
senglishmax, welsh, loaded.
(E:/IEEEtran\IEEEtran.cls
Document Class: IEEEtran 2015/08/26 V1.8b by Michael Shell
-- See the "IEEEtran_HOWTO" manual for usage information.
-- http://www.michaelshell.org/tex/ieeetran/
\@IEEEtrantmpdimenA=\dimen102
\@IEEEtrantmpdimenB=\dimen103
\@IEEEtrantmpdimenC=\dimen104
\@IEEEtrantmpcountA=\count79
\@IEEEtrantmpcountB=\count80
\@IEEEtrantmpcountC=\count81
\@IEEEtrantmptoksA=\toks14
LaTeX Font Info:    Try loading font information for OT1+ptm on input line 503.

("C:\Program Files\MiKTeX 2.9\tex\latex\psnfss\ot1ptm.fd"
File: ot1ptm.fd 2001/06/04 font definitions for OT1/ptm.
)
-- Using 8.5in x 11in (letter) paper.
-- Using PDF output.
\@IEEEnormalsizeunitybaselineskip=\dimen105
-- This is a 10 point document.
\CLASSINFOnormalsizebaselineskip=\dimen106
\CLASSINFOnormalsizeunitybaselineskip=\dimen107
\IEEEnormaljot=\dimen108
LaTeX Font Info:    Font shape `OT1/ptm/bx/n' in size <5> not available
(Font)              Font shape `OT1/ptm/b/n' tried instead on input line 1090.
LaTeX Font Info:    Font shape `OT1/ptm/bx/it' in size <5> not available
(Font)              Font shape `OT1/ptm/b/it' tried instead on input line 1090.

LaTeX Font Info:    Font shape `OT1/ptm/bx/n' in size <7> not available
(Font)              Font shape `OT1/ptm/b/n' tried instead on input line 1090.
LaTeX Font Info:    Font shape `OT1/ptm/bx/it' in size <7> not available
(Font)              Font shape `OT1/ptm/b/it' tried instead on input line 1090.

LaTeX Font Info:    Font shape `OT1/ptm/bx/n' in size <8> not available
(Font)              Font shape `OT1/ptm/b/n' tried instead on input line 1090.
LaTeX Font Info:    Font shape `OT1/ptm/bx/it' in size <8> not available
(Font)              Font shape `OT1/ptm/b/it' tried instead on input line 1090.

LaTeX Font Info:    Font shape `OT1/ptm/bx/n' in size <9> not available
(Font)              Font shape `OT1/ptm/b/n' tried instead on input line 1090.
LaTeX Font Info:    Font shape `OT1/ptm/bx/it' in size <9> not available
(Font)              Font shape `OT1/ptm/b/it' tried instead on input line 1090.

LaTeX Font Info:    Font shape `OT1/ptm/bx/n' in size <10> not available
(Font)              Font shape `OT1/ptm/b/n' tried instead on input line 1090.
LaTeX Font Info:    Font shape `OT1/ptm/bx/it' in size <10> not available
(Font)              Font shape `OT1/ptm/b/it' tried instead on input line 1090.

LaTeX Font Info:    Font shape `OT1/ptm/bx/n' in size <11> not available
(Font)              Font shape `OT1/ptm/b/n' tried instead on input line 1090.
LaTeX Font Info:    Font shape `OT1/ptm/bx/it' in size <11> not available
(Font)              Font shape `OT1/ptm/b/it' tried instead on input line 1090.

LaTeX Font Info:    Font shape `OT1/ptm/bx/n' in size <12> not available
(Font)              Font shape `OT1/ptm/b/n' tried instead on input line 1090.
LaTeX Font Info:    Font shape `OT1/ptm/bx/it' in size <12> not available
(Font)              Font shape `OT1/ptm/b/it' tried instead on input line 1090.

LaTeX Font Info:    Font shape `OT1/ptm/bx/n' in size <17> not available
(Font)              Font shape `OT1/ptm/b/n' tried instead on input line 1090.
LaTeX Font Info:    Font shape `OT1/ptm/bx/it' in size <17> not available
(Font)              Font shape `OT1/ptm/b/it' tried instead on input line 1090.

LaTeX Font Info:    Font shape `OT1/ptm/bx/n' in size <20> not available
(Font)              Font shape `OT1/ptm/b/n' tried instead on input line 1090.
LaTeX Font Info:    Font shape `OT1/ptm/bx/it' in size <20> not available
(Font)              Font shape `OT1/ptm/b/it' tried instead on input line 1090.

LaTeX Font Info:    Font shape `OT1/ptm/bx/n' in size <24> not available
(Font)              Font shape `OT1/ptm/b/n' tried instead on input line 1090.
LaTeX Font Info:    Font shape `OT1/ptm/bx/it' in size <24> not available
(Font)              Font shape `OT1/ptm/b/it' tried instead on input line 1090.

\IEEEquantizedlength=\dimen109
\IEEEquantizedlengthdiff=\dimen110
\IEEEquantizedtextheightdiff=\dimen111
\IEEEilabelindentA=\dimen112
\IEEEilabelindentB=\dimen113
\IEEEilabelindent=\dimen114
\IEEEelabelindent=\dimen115
\IEEEdlabelindent=\dimen116
\IEEElabelindent=\dimen117
\IEEEiednormlabelsep=\dimen118
\IEEEiedmathlabelsep=\dimen119
\IEEEiedtopsep=\skip41
\c@section=\count82
\c@subsection=\count83
\c@subsubsection=\count84
\c@paragraph=\count85
\c@IEEEsubequation=\count86
\abovecaptionskip=\skip42
\belowcaptionskip=\skip43
\c@figure=\count87
\c@table=\count88
\@IEEEeqnnumcols=\count89
\@IEEEeqncolcnt=\count90
\@IEEEsubeqnnumrollback=\count91
\@IEEEquantizeheightA=\dimen120
\@IEEEquantizeheightB=\dimen121
\@IEEEquantizeheightC=\dimen122
\@IEEEquantizeprevdepth=\dimen123
\@IEEEquantizemultiple=\count92
\@IEEEquantizeboxA=\box26
\@IEEEtmpitemindent=\dimen124
\IEEEPARstartletwidth=\dimen125
\c@IEEEbiography=\count93
\@IEEEtranrubishbin=\box27
) ("C:\Program Files\MiKTeX 2.9\tex\latex\ams\math\amsmath.sty"
Package: amsmath 2000/07/18 v2.13 AMS math features
\@mathmargin=\skip44

For additional information on amsmath, use the `?' option.
("C:\Program Files\MiKTeX 2.9\tex\latex\ams\math\amstext.sty"
Package: amstext 2000/06/29 v2.01

("C:\Program Files\MiKTeX 2.9\tex\latex\ams\math\amsgen.sty"
File: amsgen.sty 1999/11/30 v2.0
\@emptytoks=\toks15
\ex@=\dimen126
))
("C:\Program Files\MiKTeX 2.9\tex\latex\ams\math\amsbsy.sty"
Package: amsbsy 1999/11/29 v1.2d
\pmbraise@=\dimen127
)
("C:\Program Files\MiKTeX 2.9\tex\latex\ams\math\amsopn.sty"
Package: amsopn 1999/12/14 v2.01 operator names
)
\inf@bad=\count94
LaTeX Info: Redefining \frac on input line 211.
\uproot@=\count95
\leftroot@=\count96
LaTeX Info: Redefining \overline on input line 307.
\classnum@=\count97
\DOTSCASE@=\count98
LaTeX Info: Redefining \ldots on input line 379.
LaTeX Info: Redefining \dots on input line 382.
LaTeX Info: Redefining \cdots on input line 467.
\Mathstrutbox@=\box28
\strutbox@=\box29
\big@size=\dimen128
LaTeX Font Info:    Redeclaring font encoding OML on input line 567.
LaTeX Font Info:    Redeclaring font encoding OMS on input line 568.
\macc@depth=\count99
\c@MaxMatrixCols=\count100
\dotsspace@=\muskip10
\c@parentequation=\count101
\dspbrk@lvl=\count102
\tag@help=\toks16
\row@=\count103
\column@=\count104
\maxfields@=\count105
\andhelp@=\toks17
\eqnshift@=\dimen129
\alignsep@=\dimen130
\tagshift@=\dimen131
\tagwidth@=\dimen132
\totwidth@=\dimen133
\lineht@=\dimen134
\@envbody=\toks18
\multlinegap=\skip45
\multlinetaggap=\skip46
\mathdisplay@stack=\toks19
LaTeX Info: Redefining \[ on input line 2666.
LaTeX Info: Redefining \] on input line 2667.
)
("C:\Program Files\MiKTeX 2.9\tex\latex\amsfonts\amsfonts.sty"
Package: amsfonts 2009/06/22 v3.00 Basic AMSFonts support
\symAMSa=\mathgroup4
\symAMSb=\mathgroup5
LaTeX Font Info:    Overwriting math alphabet `\mathfrak' in version `bold'
(Font)                  U/euf/m/n --> U/euf/b/n on input line 96.
)
("C:\Program Files\MiKTeX 2.9\tex\latex\amsfonts\amssymb.sty"
Package: amssymb 2009/06/22 v3.00
)
("C:\Program Files\MiKTeX 2.9\tex\latex\ams\classes\amsthm.sty"
Package: amsthm 2004/08/06 v2.20
\thm@style=\toks20
\thm@bodyfont=\toks21
\thm@headfont=\toks22
\thm@notefont=\toks23
\thm@headpunct=\toks24
\thm@preskip=\skip47
\thm@postskip=\skip48
\thm@headsep=\skip49
\dth@everypar=\toks25
)
("C:\Program Files\MiKTeX 2.9\tex\latex\lm\lmodern.sty"
Package: lmodern 2009/10/30 v1.6 Latin Modern Fonts
LaTeX Font Info:    Overwriting symbol font `operators' in version `normal'
(Font)                  OT1/cmr/m/n --> OT1/lmr/m/n on input line 22.
LaTeX Font Info:    Overwriting symbol font `letters' in version `normal'
(Font)                  OML/cmm/m/it --> OML/lmm/m/it on input line 23.
LaTeX Font Info:    Overwriting symbol font `symbols' in version `normal'
(Font)                  OMS/cmsy/m/n --> OMS/lmsy/m/n on input line 24.
LaTeX Font Info:    Overwriting symbol font `largesymbols' in version `normal'
(Font)                  OMX/cmex/m/n --> OMX/lmex/m/n on input line 25.
LaTeX Font Info:    Overwriting symbol font `operators' in version `bold'
(Font)                  OT1/cmr/bx/n --> OT1/lmr/bx/n on input line 26.
LaTeX Font Info:    Overwriting symbol font `letters' in version `bold'
(Font)                  OML/cmm/b/it --> OML/lmm/b/it on input line 27.
LaTeX Font Info:    Overwriting symbol font `symbols' in version `bold'
(Font)                  OMS/cmsy/b/n --> OMS/lmsy/b/n on input line 28.
LaTeX Font Info:    Overwriting symbol font `largesymbols' in version `bold'
(Font)                  OMX/cmex/m/n --> OMX/lmex/m/n on input line 29.
LaTeX Font Info:    Overwriting math alphabet `\mathbf' in version `normal'
(Font)                  OT1/cmr/bx/n --> OT1/lmr/bx/n on input line 31.
LaTeX Font Info:    Overwriting math alphabet `\mathsf' in version `normal'
(Font)                  OT1/cmss/m/n --> OT1/lmss/m/n on input line 32.
LaTeX Font Info:    Overwriting math alphabet `\mathit' in version `normal'
(Font)                  OT1/cmr/m/it --> OT1/lmr/m/it on input line 33.
LaTeX Font Info:    Overwriting math alphabet `\mathtt' in version `normal'
(Font)                  OT1/cmtt/m/n --> OT1/lmtt/m/n on input line 34.
LaTeX Font Info:    Overwriting math alphabet `\mathbf' in version `bold'
(Font)                  OT1/cmr/bx/n --> OT1/lmr/bx/n on input line 35.
LaTeX Font Info:    Overwriting math alphabet `\mathsf' in version `bold'
(Font)                  OT1/cmss/bx/n --> OT1/lmss/bx/n on input line 36.
LaTeX Font Info:    Overwriting math alphabet `\mathit' in version `bold'
(Font)                  OT1/cmr/bx/it --> OT1/lmr/bx/it on input line 37.
LaTeX Font Info:    Overwriting math alphabet `\mathtt' in version `bold'
(Font)                  OT1/cmtt/m/n --> OT1/lmtt/m/n on input line 38.
)
("C:\Program Files\MiKTeX 2.9\tex\latex\tools\array.sty"
Package: array 2008/09/09 v2.4c Tabular extension package (FMi)
\col@sep=\dimen135
\extrarowheight=\dimen136
\NC@list=\toks26
\extratabsurround=\skip50
\backup@length=\skip51
)
("C:\Program Files\MiKTeX 2.9\tex\latex\multirow\multirow.sty"
\bigstrutjot=\dimen137
)
("C:\Program Files\MiKTeX 2.9\tex\latex\subfigure\subfigure.sty"
Package: subfigure 2002/07/30 v2.1.4 subfigure package
\subfigtopskip=\skip52
\subfigcapskip=\skip53
\subfigcaptopadj=\dimen138
\subfigbottomskip=\skip54
\subfigcapmargin=\dimen139
\subfiglabelskip=\skip55
\c@subfigure=\count106
\c@lofdepth=\count107
\c@subtable=\count108
\c@lotdepth=\count109

****************************************
* Local config file subfigure.cfg used *
****************************************
("C:\Program Files\MiKTeX 2.9\tex\latex\subfigure\subfigure.cfg")
\subfig@top=\skip56
\subfig@bottom=\skip57
)
("C:\Program Files\MiKTeX 2.9\tex\latex\geometry\geometry.sty"
Package: geometry 2010/09/12 v5.6 Page Geometry

("C:\Program Files\MiKTeX 2.9\tex\latex\graphics\keyval.sty"
Package: keyval 1999/03/16 v1.13 key=value parser (DPC)
\KV@toks@=\toks27
)
("C:\Program Files\MiKTeX 2.9\tex\generic\oberdiek\ifpdf.sty"
Package: ifpdf 2011/01/30 v2.3 Provides the ifpdf switch (HO)
Package ifpdf Info: pdfTeX in PDF mode is detected.
)
("C:\Program Files\MiKTeX 2.9\tex\generic\oberdiek\ifvtex.sty"
Package: ifvtex 2010/03/01 v1.5 Switches for detecting VTeX and its modes (HO)
Package ifvtex Info: VTeX not detected.
)
("C:\Program Files\MiKTeX 2.9\tex\generic\ifxetex\ifxetex.sty"
Package: ifxetex 2010/09/12 v0.6 Provides ifxetex conditional
)
\Gm@cnth=\count110
\Gm@cntv=\count111
\c@Gm@tempcnt=\count112
\Gm@bindingoffset=\dimen140
\Gm@wd@mp=\dimen141
\Gm@odd@mp=\dimen142
\Gm@even@mp=\dimen143
\Gm@layoutwidth=\dimen144
\Gm@layoutheight=\dimen145
\Gm@layouthoffset=\dimen146
\Gm@layoutvoffset=\dimen147
\Gm@dimlist=\toks28

("C:\Program Files\MiKTeX 2.9\tex\latex\geometry\geometry.cfg"))
("C:\Program Files\MiKTeX 2.9\tex\latex\graphics\graphicx.sty"
Package: graphicx 1999/02/16 v1.0f Enhanced LaTeX Graphics (DPC,SPQR)

("C:\Program Files\MiKTeX 2.9\tex\latex\graphics\graphics.sty"
Package: graphics 2009/02/05 v1.0o Standard LaTeX Graphics (DPC,SPQR)

("C:\Program Files\MiKTeX 2.9\tex\latex\graphics\trig.sty"
Package: trig 1999/03/16 v1.09 sin cos tan (DPC)
)
("C:\Program Files\MiKTeX 2.9\tex\latex\00miktex\graphics.cfg"
File: graphics.cfg 2007/01/18 v1.5 graphics configuration of teTeX/TeXLive
)
Package graphics Info: Driver file: pdftex.def on input line 91.

("C:\Program Files\MiKTeX 2.9\tex\latex\pdftex-def\pdftex.def"
File: pdftex.def 2011/05/27 v0.06d Graphics/color for pdfTeX

("C:\Program Files\MiKTeX 2.9\tex\generic\oberdiek\infwarerr.sty"
Package: infwarerr 2010/04/08 v1.3 Providing info/warning/message (HO)
)
("C:\Program Files\MiKTeX 2.9\tex\generic\oberdiek\ltxcmds.sty"
Package: ltxcmds 2011/04/18 v1.20 LaTeX kernel commands for general use (HO)
)
\Gread@gobject=\count113
))
\Gin@req@height=\dimen148
\Gin@req@width=\dimen149
)
No file _temp.aux.
LaTeX Font Info:    Checking defaults for OML/cmm/m/it on input line 50.
LaTeX Font Info:    ... okay on input line 50.
LaTeX Font Info:    Checking defaults for T1/cmr/m/n on input line 50.
LaTeX Font Info:    ... okay on input line 50.
LaTeX Font Info:    Checking defaults for OT1/cmr/m/n on input line 50.
LaTeX Font Info:    ... okay on input line 50.
LaTeX Font Info:    Checking defaults for OMS/cmsy/m/n on input line 50.
LaTeX Font Info:    ... okay on input line 50.
LaTeX Font Info:    Checking defaults for OMX/cmex/m/n on input line 50.
LaTeX Font Info:    ... okay on input line 50.
LaTeX Font Info:    Checking defaults for U/cmr/m/n on input line 50.
LaTeX Font Info:    ... okay on input line 50.
LaTeX Font Info:    Try loading font information for OT1+lmr on input line 50.
("C:\Program Files\MiKTeX 2.9\tex\latex\lm\ot1lmr.fd"
File: ot1lmr.fd 2009/10/30 v1.6 Font defs for Latin Modern
)
-- Lines per column: 54 (approximate, difference = 2.43001pt).
*geometry* driver: auto-detecting
*geometry* detected driver: pdftex
*geometry* verbose mode - [ preamble ] result:
* driver: pdftex
* paper: custom
* layout: <same size as paper>
* layoutoffset:(h,v)=(0.0pt,0.0pt)
* modes: 
* h-part:(L,W,R)=(72.26999pt, 469.75502pt, 72.26999pt)
* v-part:(T,H,B)=(72.26999pt, 650.43001pt, 72.26999pt)
* \paperwidth=614.295pt
* \paperheight=794.96999pt
* \textwidth=469.75502pt
* \textheight=650.43001pt
* \oddsidemargin=0.0pt
* \evensidemargin=0.0pt
* \topmargin=-30.56761pt
* \headheight=12.0pt
* \headsep=18.56761pt
* \topskip=12.0pt
* \footskip=40.5821pt
* \marginparwidth=20.0pt
* \marginparsep=10.0pt
* \columnsep=12.0pt
* \skip\footins=10.79993pt plus 4.79993pt minus 2.39996pt
* \hoffset=0.0pt
* \voffset=0.0pt
* \mag=1000
* \@twocolumntrue
* \@twosidefalse
* \@mparswitchfalse
* \@reversemarginfalse
* (1in=72.27pt=25.4mm, 1cm=28.453pt)

("C:\Program Files\MiKTeX 2.9\tex\context\base\supp-pdf.mkii"
[Loading MPS to PDF converter (version 2006.09.02).]
\scratchcounter=\count114
\scratchdimen=\dimen150
\scratchbox=\box30
\nofMPsegments=\count115
\nofMParguments=\count116
\everyMPshowfont=\toks29
\MPscratchCnt=\count117
\MPscratchDim=\dimen151
\MPnumerator=\count118
\makeMPintoPDFobject=\count119
\everyMPtoPDFconversion=\toks30
)
LaTeX Font Info:    Try loading font information for OML+lmm on input line 62.
 ("C:\Program Files\MiKTeX 2.9\tex\latex\lm\omllmm.fd"
File: omllmm.fd 2009/10/30 v1.6 Font defs for Latin Modern
)
LaTeX Font Info:    Try loading font information for OMS+lmsy on input line 62.


("C:\Program Files\MiKTeX 2.9\tex\latex\lm\omslmsy.fd"
File: omslmsy.fd 2009/10/30 v1.6 Font defs for Latin Modern
)
LaTeX Font Info:    Try loading font information for OMX+lmex on input line 62.


("C:\Program Files\MiKTeX 2.9\tex\latex\lm\omxlmex.fd"
File: omxlmex.fd 2009/10/30 v1.6 Font defs for Latin Modern
)
LaTeX Font Info:    External font `lmex10' loaded for size
(Font)              <9> on input line 62.
LaTeX Font Info:    External font `lmex10' loaded for size
(Font)              <6> on input line 62.
LaTeX Font Info:    External font `lmex10' loaded for size
(Font)              <5> on input line 62.
LaTeX Font Info:    Try loading font information for U+msa on input line 62.

("C:\Program Files\MiKTeX 2.9\tex\latex\amsfonts\umsa.fd"
File: umsa.fd 2009/06/22 v3.00 AMS symbols A
)
LaTeX Font Info:    Try loading font information for U+msb on input line 62.

("C:\Program Files\MiKTeX 2.9\tex\latex\amsfonts\umsb.fd"
File: umsb.fd 2009/06/22 v3.00 AMS symbols B
)

LaTeX Warning: Citation `goswami2012information' on page 1 undefined on input l
ine 71.


LaTeX Warning: Citation `yang2012towards' on page 1 undefined on input line 72.


LaTeX Font Info:    External font `lmex10' loaded for size
(Font)              <10> on input line 75.
LaTeX Font Info:    External font `lmex10' loaded for size
(Font)              <7> on input line 75.

LaTeX Warning: Reference `sf1' on page 1 undefined on input line 75.


Underfull \hbox (badness 2717) in paragraph at lines 75--76
[]\OT1/lmr/m/n/10 We con-sider two groups of com-puter nodes,
 []


Underfull \hbox (badness 2269) in paragraph at lines 75--76
\OT1/lmr/m/n/10 namely, tar-geted nodes and at-tacker nodes. In
 []


Underfull \vbox (badness 10000) has occurred while \output is active []

 [1{C:/ProgramData/MiKTeX/2.9/pdftex/config/pdftex.map}


]

LaTeX Warning: Citation `cui2008impact' on page 2 undefined on input line 78.


LaTeX Warning: Citation `liu2008impact' on page 2 undefined on input line 78.


LaTeX Warning: Citation `sahu2012' on page 2 undefined on input line 78.


LaTeX Warning: Citation `sahu2015dynamics' on page 2 undefined on input line 78
.


Underfull \hbox (badness 5161) in paragraph at lines 80--81
[]\OT1/lmr/m/n/10 The use of fire-wall se-cu-rity and alert has
 []


Underfull \hbox (badness 10000) in paragraph at lines 80--81
\OT1/lmr/m/n/10 prop-a-ga-tion. Ini-tially re-searchers used me-dia
 []


Underfull \hbox (badness 2980) in paragraph at lines 80--81
\OT1/lmr/m/n/10 which has two ma-jor lim-i-ta-tions. We con-sider
 []


Underfull \hbox (badness 2181) in paragraph at lines 80--81
\OT1/lmr/m/n/10 the fire-wall se-cu-rity and alert-ness are not the
 []


Underfull \hbox (badness 1867) in paragraph at lines 80--81
\OT1/lmr/m/n/10 in-trin-sic de-ter-min-is-tic fac-tor re-spon-si-ble for the
 []


Underfull \hbox (badness 1769) in paragraph at lines 80--81
\OT1/lmr/m/n/10 the trans-mis-sion rate can-not be re-duced be-low
 []


Underfull \hbox (badness 1975) in paragraph at lines 80--81
\OT1/lmr/m/n/10 a cer-tain level merely through fire-wall se-cu-rity
 []


Underfull \hbox (badness 1371) in paragraph at lines 80--81
\OT1/lmr/m/n/10 trans-mis-sion rate dif-fers for dif-fer-ent pop-u-la-tion
 []


Underfull \hbox (badness 10000) in paragraph at lines 80--81

 []


! LaTeX Error: Unknown graphics extension: .eps.

See the LaTeX manual or LaTeX Companion for explanation.
Type  H <return>  for immediate help.
 ...                                              
                                                  
l.86 ...=1\columnwidth, clip=true]{modelcopy1.eps}
                                                  
Try typing  <return>  to proceed.
If that doesn't work, type  X <return>  to quit.


LaTeX Warning: Reference `sf1' on page 2 undefined on input line 95.


Underfull \hbox (badness 10000) in paragraph at lines 98--102

 []


Overfull \hbox (12.02342pt too wide) in alignment at lines 102--106
 [][][] []
 []


Underfull \hbox (badness 10000) in paragraph at lines 143--147

 []


LaTeX Warning: Reference `table1' on page 2 undefined on input line 184.


Underfull \hbox (badness 10000) in paragraph at lines 187--188

 []

[2]
Underfull \hbox (badness 10000) in paragraph at lines 189--194

 []


Underfull \hbox (badness 10000) in paragraph at lines 195--196

 []


Underfull \hbox (badness 10000) in paragraph at lines 197--198

 []


Underfull \hbox (badness 10000) in paragraph at lines 199--203

 []


Underfull \hbox (badness 10000) in paragraph at lines 242--246

 []

LaTeX Font Info:    External font `lmex10' loaded for size
(Font)              <8> on input line 296.

Underfull \hbox (badness 1789) in paragraph at lines 303--336
\OT1/lmr/m/n/10 codes-free and en-demic equi-lib-rium. Equi-lib-rium
 []


Underfull \hbox (badness 10000) in paragraph at lines 386--409
\OT1/lmr/m/n/10 V(Jacobian of $\OMS/lmsy/m/n/7 V$ \OT1/lmr/m/n/10 at ma-li-ciou
s codes-free
 []


Overfull \hbox (7.82611pt too wide) in paragraph at lines 386--409
[]\OML/lmm/m/it/5 :$ 
 []


Underfull \hbox (badness 10000) in paragraph at lines 386--409

 []


Overfull \hbox (8.29695pt too wide) in paragraph at lines 386--409
\OML/lmm/m/it/5 R[]\OT1/lmr/m/n/5 =\OML/lmm/m/it/5 max[];$ 
 []


Underfull \hbox (badness 10000) in paragraph at lines 386--409

 []


Underfull \hbox (badness 2744) in paragraph at lines 386--409
\OT1/lmr/m/n/10 Where $\OML/lmm/m/it/7 S;S[]$ \OT1/lmr/m/n/10 is the node den-s
ity of sus-cep-ti-ble
 []


Underfull \hbox (badness 1917) in paragraph at lines 386--409
\OT1/lmr/m/n/10 hence we have four ba-sic re-pro-duc-tion num-ber
 []


Underfull \hbox (badness 7631) in paragraph at lines 386--409
\OML/lmm/m/it/7 R[]; R[]; R[] [] R[]$ \OT1/lmr/m/n/10 re-spec-tively. Value of
 []

[3]
LaTeX Font Info:    Try loading font information for OMS+lmr on input line 416.

 ("C:\Program Files\MiKTeX 2.9\tex\latex\lm\omslmr.fd"
File: omslmr.fd 2009/10/30 v1.6 Font defs for Latin Modern
)
LaTeX Font Info:    Font shape `OMS/lmr/m/n' in size <7> not available
(Font)              Font shape `OMS/lmsy/m/n' tried instead on input line 416.

Underfull \hbox (badness 10000) in paragraph at lines 416--420

 []


Underfull \hbox (badness 3158) in paragraph at lines 416--420
\OT1/lmr/m/n/10 Similarly for $\OML/lmm/m/it/7 E[]\OT1/lmr/m/n/7 :$ $\OML/lmm/m
/it/7 S\OT1/lmr/m/n/7 =1\OML/lmm/m/it/7 ;A\OT1/lmr/m/n/7 =0\OML/lmm/m/it/7 ;S\O
T1/lmr/m/n/7 1=[]\OML/lmm/m/it/7 ;A[]\OT1/lmr/m/n/7 =1\OMS/lmsy/m/n/7  []$ \OT1
/lmr/m/n/10 and
 []

LaTeX Font Info:    Font shape `OMS/lmr/m/n' in size <10> not available
(Font)              Font shape `OMS/lmsy/m/n' tried instead on input line 421.

Underfull \hbox (badness 10000) in paragraph at lines 421--423
[]$\OML/lmm/m/it/7 R[]$\OT1/lmr/m/n/10 =$\OML/lmm/m/it/7 max$\OMS/lmsy/m/n/10 f
$[]$\OT1/lmr/m/n/10 ,$[]$,
 []


Underfull \hbox (badness 10000) in paragraph at lines 421--423

 []


Underfull \hbox (badness 10000) in paragraph at lines 427--429
[]$\OML/lmm/m/it/7 R[]$\OT1/lmr/m/n/10 =$\OML/lmm/m/it/7 max$\OMS/lmsy/m/n/10 f
$[]$\OT1/lmr/m/n/10 ,$[]$,
 []


Underfull \hbox (badness 10000) in paragraph at lines 427--429

 []


Underfull \hbox (badness 10000) in paragraph at lines 433--435
[]$\OML/lmm/m/it/7 R[]$\OT1/lmr/m/n/10 =$\OML/lmm/m/it/7 max$\OMS/lmsy/m/n/10 f
$[]$\OT1/lmr/m/n/10 ,$[]$,
 []


Underfull \hbox (badness 2744) in paragraph at lines 496--498
\OT1/lmr/m/n/10 Where $\OML/lmm/m/it/7 S;S[]$ \OT1/lmr/m/n/10 is the node den-s
ity of sus-cep-ti-ble
 []


Underfull \hbox (badness 2443) in paragraph at lines 496--498
\OT1/lmr/m/n/10 class and $\OML/lmm/m/it/7 A;A[]$ \OT1/lmr/m/n/10 is the node d
en-sity of an-ti-do-
 []


Underfull \hbox (badness 1776) in paragraph at lines 496--498
\OT1/lmr/m/n/10 spec-tively in ma-li-cious codes - free equi-lib-rium
 []


Underfull \hbox (badness 1931) in paragraph at lines 496--498
\OT1/lmr/m/n/10 state. In this model we have four such states
 []


Underfull \hbox (badness 10000) in paragraph at lines 502--504

 []


LaTeX Warning: Reference `T1' on page 4 undefined on input line 527.


! LaTeX Error: Unknown graphics extension: .eps.

See the LaTeX manual or LaTeX Companion for explanation.
Type  H <return>  for immediate help.
 ...                                              
                                                  
l.532   \includegraphics[width=3.0in]{1.eps}
                                            \\
Try typing  <return>  to proceed.
If that doesn't work, type  X <return>  to quit.


! LaTeX Error: There's no line here to end.

See the LaTeX manual or LaTeX Companion for explanation.
Type  H <return>  for immediate help.
 ...                                              
                                                  
l.532   \includegraphics[width=3.0in]{1.eps}\\
                                              
Your command was ignored.
Type  I <command> <return>  to replace it with another command,
or  <return>  to continue without it.


LaTeX Warning: Reference `fig:ff0' on page 4 undefined on input line 536.


! LaTeX Error: Unknown graphics extension: .eps.

See the LaTeX manual or LaTeX Companion for explanation.
Type  H <return>  for immediate help.
 ...                                              
                                                  
l.539   \includegraphics[width=3.0in]{2.eps}
                                            \\
Try typing  <return>  to proceed.
If that doesn't work, type  X <return>  to quit.


! LaTeX Error: There's no line here to end.

See the LaTeX manual or LaTeX Companion for explanation.
Type  H <return>  for immediate help.
 ...                                              
                                                  
l.539   \includegraphics[width=3.0in]{2.eps}\\
                                              
Your command was ignored.
Type  I <command> <return>  to replace it with another command,
or  <return>  to continue without it.


LaTeX Warning: Reference `fig:ff2' on page 4 undefined on input line 542.


Overfull \vbox (1.0pt too high) detected at line 573
 []


Overfull \hbox (59.75096pt too wide) in paragraph at lines 573--573
[]|[]| 
 []

[4]

! LaTeX Error: Unknown graphics extension: .eps.

See the LaTeX manual or LaTeX Companion for explanation.
Type  H <return>  for immediate help.
 ...                                              
                                                  
l.619 ...raphics[width=3.5in, clip=true]{mB1.eps}}
                                                  
Try typing  <return>  to proceed.
If that doesn't work, type  X <return>  to quit.


Overfull \hbox (10.86133pt too wide) in paragraph at lines 619--619
[]\OT1/lmr/m/n/8 (a)
 []


Overfull \hbox (11.21107pt too wide) in paragraph at lines 619--619
\OT1/lmr/m/n/8 Ef-
 []


Overfull \hbox (13.45891pt too wide) in paragraph at lines 619--619
\OT1/lmr/m/n/8 fect
 []


Overfull \hbox (6.84724pt too wide) in paragraph at lines 619--619
\OT1/lmr/m/n/8 of
 []


Overfull \hbox (7.0835pt too wide) in paragraph at lines 619--619
\OT1/lmr/m/n/8 m
 []


Overfull \hbox (8.97234pt too wide) in paragraph at lines 619--619
\OT1/lmr/m/n/8 on
 []


Overfull \hbox (6.017pt too wide) in paragraph at lines 619--619
\OT1/lmr/m/n/8 B
 []


Overfull \hbox (19.36168pt too wide) in paragraph at lines 619--619
\OT1/lmr/m/n/8 when
 []


Overfull \hbox (15.2135pt too wide) in paragraph at lines 619--619
\OML/lmm/m/it/6 R[]<
 []


Overfull \hbox (3.66666pt too wide) in paragraph at lines 619--619
\OT1/lmr/m/n/6 1$ 
 []

[5]

LaTeX Warning: Citation `kephart1993computers' on page 6 undefined on input lin
e 670.


Underfull \hbox (badness 1436) in paragraph at lines 677--679
\OT1/lmr/m/n/10 and were in-stru-men-tal in in-fus-ing self-assurance
 []


Underfull \hbox (badness 1776) in paragraph at lines 677--679
\OT1/lmr/m/n/10 Finally, we are grate-ful to our In-sti-tu-tion and
 []


Underfull \hbox (badness 1789) in paragraph at lines 677--679
\OT1/lmr/m/n/10 col-leagues whose con-stant en-cour-age-ment served
 []


Underfull \hbox (badness 10000) in paragraph at lines 677--679

 []


Underfull \hbox (badness 10000) in paragraph at lines 677--679

 []


Underfull \hbox (badness 10000) in paragraph at lines 677--679

 []


Underfull \hbox (badness 10000) in paragraph at lines 677--679

 []

No file _temp.bbl.

** Conference Paper **
Before submitting the final camera ready copy, remember to:

 1. Manually equalize the lengths of two columns on the last page
 of your paper;

 2. Ensure that any PostScript and/or PDF output post-processing
 uses only Type 1 fonts and that every step in the generation
 process uses the appropriate paper size.

[6] (C:\Users\Root\AppData\Local\Temp\mik53360\_src\_temp.aux)

LaTeX Warning: There were undefined references.


LaTeX Warning: Label(s) may have changed. Rerun to get cross-references right.

 )
(\end occurred inside a group at level 1)

### semi simple group (level 1) entered at line 159 (\begingroup)
### bottom level 
Here is how much of TeX's memory you used:
 3814 strings out of 494045
 55784 string characters out of 3148391
 135990 words of memory out of 3000000
 7020 multiletter control sequences out of 15000+200000
 188074 words of font info for 129 fonts, out of 3000000 for 9000
 718 hyphenation exceptions out of 8191
 27i,15n,32p,1679b,322s stack positions out of 5000i,500n,10000p,200000b,50000s
{C:/Program Files/MiKTeX 2.9/fonts/enc/dvips/lm/lm-mathsy.enc}{
C:/Program Files/MiKTeX 2.9/fonts/enc/dvips/lm/lm-rm.enc}{C:/Program Files/MiKT
eX 2.9/fonts/enc/dvips/lm/lm-mathit.enc}{C:/Program Files/MiKTeX 2.9/fonts/enc/
dvips/lm/lm-mathex.enc}{C:/Program Files/MiKTeX 2.9/fonts/enc/dvips/lm/lm-rmsc.
enc}<C:/Program Files/MiKTeX 2.9/fonts/type1/public/lm/lmbx10.pfb><C:/Program F
iles/MiKTeX 2.9/fonts/type1/public/lm/lmbx5.pfb><C:/Program Files/MiKTeX 2.9/fo
nts/type1/public/lm/lmbx6.pfb><C:/Program Files/MiKTeX 2.9/fonts/type1/public/l
m/lmbx8.pfb><C:/Program Files/MiKTeX 2.9/fonts/type1/public/lm/lmbx9.pfb><C:/Pr
ogram Files/MiKTeX 2.9/fonts/type1/public/lm/lmbxi10.pfb><C:/Program Files/MiKT
eX 2.9/fonts/type1/public/lm/lmcsc10.pfb><C:/Program Files/MiKTeX 2.9/fonts/typ
e1/public/lm/lmex10.pfb><C:/Program Files/MiKTeX 2.9/fonts/type1/public/lm/lmmi
10.pfb><C:/Program Files/MiKTeX 2.9/fonts/type1/public/lm/lmmi5.pfb><C:/Program
 Files/MiKTeX 2.9/fonts/type1/public/lm/lmmi6.pfb><C:/Program Files/MiKTeX 2.9/
fonts/type1/public/lm/lmmi7.pfb><C:/Program Files/MiKTeX 2.9/fonts/type1/public
/lm/lmmi8.pfb><C:/Program Files/MiKTeX 2.9/fonts/type1/public/lm/lmmi9.pfb><C:/
Program Files/MiKTeX 2.9/fonts/type1/public/lm/lmmib7.pfb><C:/Program Files/MiK
TeX 2.9/fonts/type1/public/lm/lmr10.pfb><C:/Program Files/MiKTeX 2.9/fonts/type
1/public/lm/lmr12.pfb><C:/Program Files/MiKTeX 2.9/fonts/type1/public/lm/lmr17.
pfb><C:/Program Files/MiKTeX 2.9/fonts/type1/public/lm/lmr5.pfb><C:/Program Fil
es/MiKTeX 2.9/fonts/type1/public/lm/lmr6.pfb><C:/Program Files/MiKTeX 2.9/fonts
/type1/public/lm/lmr7.pfb><C:/Program Files/MiKTeX 2.9/fonts/type1/public/lm/lm
r8.pfb><C:/Program Files/MiKTeX 2.9/fonts/type1/public/lm/lmr9.pfb><C:/Program 
Files/MiKTeX 2.9/fonts/type1/public/lm/lmri10.pfb><C:/Program Files/MiKTeX 2.9/
fonts/type1/public/lm/lmsy10.pfb><C:/Program Files/MiKTeX 2.9/fonts/type1/publi
c/lm/lmsy5.pfb><C:/Program Files/MiKTeX 2.9/fonts/type1/public/lm/lmsy6.pfb><C:
/Program Files/MiKTeX 2.9/fonts/type1/public/lm/lmsy7.pfb><C:/Program Files/MiK
TeX 2.9/fonts/type1/public/lm/lmsy8.pfb><C:/Program Files/MiKTeX 2.9/fonts/type
1/public/lm/lmsy9.pfb>
Output written on _temp.pdf (6 pages, 500617 bytes).
PDF statistics:
 146 PDF objects out of 1000 (max. 8388607)
 0 named destinations out of 1000 (max. 500000)
 1 words of extra memory for PDF output out of 10000 (max. 10000000)

